<?xml version="1.0" encoding="UTF-8"?>
<testsuite name="co2103.hw2.Task2Test" tests="2" skipped="0" failures="0" errors="0" timestamp="2023-12-07T16:30:16" hostname="Sarahs-MacBook-Air-2.local" time="1.518">
  <properties/>
  <testcase name="classesAndFieldsCreated()" classname="co2103.hw2.Task2Test" time="1.141"/>
  <testcase name="checkToStringPrintOut()" classname="co2103.hw2.Task2Test" time="0.373"/>
  <system-out><![CDATA[16:30:08.343 [Test worker] INFO org.springframework.test.context.support.AnnotationConfigContextLoaderUtils -- Could not detect default configuration classes for test class [co2103.hw2.Task2Test]: Task2Test does not declare any static, non-private, non-final, nested classes annotated with @Configuration.
16:30:08.706 [Test worker] INFO org.springframework.boot.test.context.SpringBootTestContextBootstrapper -- Found @SpringBootConfiguration co2103.hw2.Hw2Application for test class co2103.hw2.Task2Test

  .   ____          _            __ _ _
 /\\ / ___'_ __ _ _(_)_ __  __ _ \ \ \ \
( ( )\___ | '_ | '_| | '_ \/ _` | \ \ \ \
 \\/  ___)| |_)| | | | | || (_| |  ) ) ) )
  '  |____| .__|_| |_|_| |_\__, | / / / /
 =========|_|==============|___/=/_/_/_/
 :: Spring Boot ::                (v3.1.1)

2023-12-07T16:30:09.463Z  INFO 15270 --- [    Test worker] co2103.hw2.Task2Test                     : Starting Task2Test using Java 17.0.9 with PID 15270 (started by sarahdezayi in /Users/sarahdezayi/Desktop/hw2)
2023-12-07T16:30:09.466Z  INFO 15270 --- [    Test worker] co2103.hw2.Task2Test                     : No active profile set, falling back to 1 default profile: "default"
2023-12-07T16:30:10.593Z  INFO 15270 --- [    Test worker] .s.d.r.c.RepositoryConfigurationDelegate : Bootstrapping Spring Data JPA repositories in DEFAULT mode.
2023-12-07T16:30:10.670Z  INFO 15270 --- [    Test worker] .s.d.r.c.RepositoryConfigurationDelegate : Finished Spring Data repository scanning in 65 ms. Found 3 JPA repository interfaces.
2023-12-07T16:30:11.376Z  INFO 15270 --- [    Test worker] o.hibernate.jpa.internal.util.LogHelper  : HHH000204: Processing PersistenceUnitInfo [name: default]
2023-12-07T16:30:11.446Z  INFO 15270 --- [    Test worker] org.hibernate.Version                    : HHH000412: Hibernate ORM core version 6.2.5.Final
2023-12-07T16:30:11.450Z  INFO 15270 --- [    Test worker] org.hibernate.cfg.Environment            : HHH000406: Using bytecode reflection optimizer
2023-12-07T16:30:11.670Z  INFO 15270 --- [    Test worker] o.h.b.i.BytecodeProviderInitiator        : HHH000021: Bytecode provider name : bytebuddy
2023-12-07T16:30:11.888Z  INFO 15270 --- [    Test worker] o.s.o.j.p.SpringPersistenceUnitInfo      : No LoadTimeWeaver setup: ignoring JPA class transformer
2023-12-07T16:30:11.906Z  INFO 15270 --- [    Test worker] com.zaxxer.hikari.HikariDataSource       : HikariPool-1 - Starting...
2023-12-07T16:30:12.578Z  INFO 15270 --- [    Test worker] com.zaxxer.hikari.pool.HikariPool        : HikariPool-1 - Added connection com.mysql.cj.jdbc.ConnectionImpl@18c820d2
2023-12-07T16:30:12.583Z  INFO 15270 --- [    Test worker] com.zaxxer.hikari.HikariDataSource       : HikariPool-1 - Start completed.
2023-12-07T16:30:13.273Z  INFO 15270 --- [    Test worker] o.h.b.i.BytecodeProviderInitiator        : HHH000021: Bytecode provider name : bytebuddy
2023-12-07T16:30:14.271Z  INFO 15270 --- [    Test worker] o.h.e.t.j.p.i.JtaPlatformInitiator       : HHH000490: Using JtaPlatform implementation: [org.hibernate.engine.transaction.jta.platform.internal.NoJtaPlatform]
2023-12-07T16:30:14.313Z DEBUG 15270 --- [    Test worker] org.hibernate.SQL                        : alter table cafe drop foreign key FKhmfnjx47f3joie5w6n0w2wjsb
Hibernate: alter table cafe drop foreign key FKhmfnjx47f3joie5w6n0w2wjsb
2023-12-07T16:30:14.342Z DEBUG 15270 --- [    Test worker] org.hibernate.SQL                        : alter table cafe_seatings drop foreign key FKpqrdyujscvfnwh1wnfg3frl78
Hibernate: alter table cafe_seatings drop foreign key FKpqrdyujscvfnwh1wnfg3frl78
2023-12-07T16:30:14.358Z DEBUG 15270 --- [    Test worker] org.hibernate.SQL                        : alter table cafe_seatings drop foreign key FKrisfs3tokx4jvvsuustts8ngs
Hibernate: alter table cafe_seatings drop foreign key FKrisfs3tokx4jvvsuustts8ngs
2023-12-07T16:30:14.372Z DEBUG 15270 --- [    Test worker] org.hibernate.SQL                        : alter table customer drop foreign key FKk16ej2igtbpl7q1j7u0q4miyo
Hibernate: alter table customer drop foreign key FKk16ej2igtbpl7q1j7u0q4miyo
2023-12-07T16:30:14.391Z DEBUG 15270 --- [    Test worker] org.hibernate.SQL                        : alter table seating drop foreign key FK487ndifc91m1uqyrauel5uw58
Hibernate: alter table seating drop foreign key FK487ndifc91m1uqyrauel5uw58
2023-12-07T16:30:14.406Z DEBUG 15270 --- [    Test worker] org.hibernate.SQL                        : drop table if exists cafe
Hibernate: drop table if exists cafe
2023-12-07T16:30:14.419Z DEBUG 15270 --- [    Test worker] org.hibernate.SQL                        : drop table if exists cafe_seatings
Hibernate: drop table if exists cafe_seatings
2023-12-07T16:30:14.431Z DEBUG 15270 --- [    Test worker] org.hibernate.SQL                        : drop table if exists cafe_seq
Hibernate: drop table if exists cafe_seq
2023-12-07T16:30:14.439Z DEBUG 15270 --- [    Test worker] org.hibernate.SQL                        : drop table if exists customer
Hibernate: drop table if exists customer
2023-12-07T16:30:14.448Z DEBUG 15270 --- [    Test worker] org.hibernate.SQL                        : drop table if exists customer_seq
Hibernate: drop table if exists customer_seq
2023-12-07T16:30:14.454Z DEBUG 15270 --- [    Test worker] org.hibernate.SQL                        : drop table if exists seating
Hibernate: drop table if exists seating
2023-12-07T16:30:14.473Z DEBUG 15270 --- [    Test worker] org.hibernate.SQL                        : create table cafe (id integer not null, address varchar(255), best_location varchar(255), primary key (id)) engine=InnoDB
Hibernate: create table cafe (id integer not null, address varchar(255), best_location varchar(255), primary key (id)) engine=InnoDB
2023-12-07T16:30:14.487Z DEBUG 15270 --- [    Test worker] org.hibernate.SQL                        : create table cafe_seatings (cafes_id integer not null, seatings_location varchar(255) not null) engine=InnoDB
Hibernate: create table cafe_seatings (cafes_id integer not null, seatings_location varchar(255) not null) engine=InnoDB
2023-12-07T16:30:14.499Z DEBUG 15270 --- [    Test worker] org.hibernate.SQL                        : create table cafe_seq (next_val bigint) engine=InnoDB
Hibernate: create table cafe_seq (next_val bigint) engine=InnoDB
2023-12-07T16:30:14.515Z DEBUG 15270 --- [    Test worker] org.hibernate.SQL                        : insert into cafe_seq values ( 1 )
Hibernate: insert into cafe_seq values ( 1 )
2023-12-07T16:30:14.525Z DEBUG 15270 --- [    Test worker] org.hibernate.SQL                        : create table customer (identifier integer not null, orders integer not null, customers_location varchar(255), primary key (identifier)) engine=InnoDB
Hibernate: create table customer (identifier integer not null, orders integer not null, customers_location varchar(255), primary key (identifier)) engine=InnoDB
2023-12-07T16:30:14.544Z DEBUG 15270 --- [    Test worker] org.hibernate.SQL                        : create table customer_seq (next_val bigint) engine=InnoDB
Hibernate: create table customer_seq (next_val bigint) engine=InnoDB
2023-12-07T16:30:14.560Z DEBUG 15270 --- [    Test worker] org.hibernate.SQL                        : insert into customer_seq values ( 1 )
Hibernate: insert into customer_seq values ( 1 )
2023-12-07T16:30:14.567Z DEBUG 15270 --- [    Test worker] org.hibernate.SQL                        : create table seating (reviewer_identifier integer, location varchar(255) not null, primary key (location)) engine=InnoDB
Hibernate: create table seating (reviewer_identifier integer, location varchar(255) not null, primary key (location)) engine=InnoDB
2023-12-07T16:30:14.580Z DEBUG 15270 --- [    Test worker] org.hibernate.SQL                        : alter table seating add constraint UK_84svdbgerwelbhsxm178dkeg0 unique (reviewer_identifier)
Hibernate: alter table seating add constraint UK_84svdbgerwelbhsxm178dkeg0 unique (reviewer_identifier)
2023-12-07T16:30:14.595Z DEBUG 15270 --- [    Test worker] org.hibernate.SQL                        : alter table cafe add constraint FKhmfnjx47f3joie5w6n0w2wjsb foreign key (best_location) references seating (location)
Hibernate: alter table cafe add constraint FKhmfnjx47f3joie5w6n0w2wjsb foreign key (best_location) references seating (location)
2023-12-07T16:30:14.631Z DEBUG 15270 --- [    Test worker] org.hibernate.SQL                        : alter table cafe_seatings add constraint FKpqrdyujscvfnwh1wnfg3frl78 foreign key (seatings_location) references seating (location)
Hibernate: alter table cafe_seatings add constraint FKpqrdyujscvfnwh1wnfg3frl78 foreign key (seatings_location) references seating (location)
2023-12-07T16:30:14.702Z DEBUG 15270 --- [    Test worker] org.hibernate.SQL                        : alter table cafe_seatings add constraint FKrisfs3tokx4jvvsuustts8ngs foreign key (cafes_id) references cafe (id)
Hibernate: alter table cafe_seatings add constraint FKrisfs3tokx4jvvsuustts8ngs foreign key (cafes_id) references cafe (id)
2023-12-07T16:30:14.740Z DEBUG 15270 --- [    Test worker] org.hibernate.SQL                        : alter table customer add constraint FKk16ej2igtbpl7q1j7u0q4miyo foreign key (customers_location) references seating (location)
Hibernate: alter table customer add constraint FKk16ej2igtbpl7q1j7u0q4miyo foreign key (customers_location) references seating (location)
2023-12-07T16:30:14.785Z DEBUG 15270 --- [    Test worker] org.hibernate.SQL                        : alter table seating add constraint FK487ndifc91m1uqyrauel5uw58 foreign key (reviewer_identifier) references customer (identifier)
Hibernate: alter table seating add constraint FK487ndifc91m1uqyrauel5uw58 foreign key (reviewer_identifier) references customer (identifier)
2023-12-07T16:30:14.835Z  INFO 15270 --- [    Test worker] j.LocalContainerEntityManagerFactoryBean : Initialized JPA EntityManagerFactory for persistence unit 'default'
2023-12-07T16:30:15.579Z  WARN 15270 --- [    Test worker] JpaBaseConfiguration$JpaWebConfiguration : spring.jpa.open-in-view is enabled by default. Therefore, database queries may be performed during view rendering. Explicitly configure spring.jpa.open-in-view to disable this warning
2023-12-07T16:30:16.114Z  INFO 15270 --- [    Test worker] o.s.b.t.m.w.SpringBootMockServletContext : Initializing Spring TestDispatcherServlet ''
2023-12-07T16:30:16.116Z  INFO 15270 --- [    Test worker] o.s.t.web.servlet.TestDispatcherServlet  : Initializing Servlet ''
2023-12-07T16:30:16.122Z  INFO 15270 --- [    Test worker] o.s.t.web.servlet.TestDispatcherServlet  : Completed initialization in 3 ms
2023-12-07T16:30:16.163Z  INFO 15270 --- [    Test worker] co2103.hw2.Task2Test                     : Started Task2Test in 7.197 seconds (process running for 11.053)
2023-12-07T16:30:16.202Z DEBUG 15270 --- [    Test worker] org.hibernate.SQL                        : select next_val as id_val from cafe_seq for update
Hibernate: select next_val as id_val from cafe_seq for update
2023-12-07T16:30:16.218Z DEBUG 15270 --- [    Test worker] org.hibernate.SQL                        : update cafe_seq set next_val= ? where next_val=?
Hibernate: update cafe_seq set next_val= ? where next_val=?
2023-12-07T16:30:16.259Z DEBUG 15270 --- [    Test worker] org.hibernate.SQL                        : insert into cafe (address,best_location,id) values (?,?,?)
Hibernate: insert into cafe (address,best_location,id) values (?,?,?)
2023-12-07T16:30:16.275Z DEBUG 15270 --- [    Test worker] org.hibernate.SQL                        : select next_val as id_val from customer_seq for update
Hibernate: select next_val as id_val from customer_seq for update
2023-12-07T16:30:16.280Z DEBUG 15270 --- [    Test worker] org.hibernate.SQL                        : update customer_seq set next_val= ? where next_val=?
Hibernate: update customer_seq set next_val= ? where next_val=?
2023-12-07T16:30:16.286Z DEBUG 15270 --- [    Test worker] org.hibernate.SQL                        : insert into customer (orders,identifier) values (?,?)
Hibernate: insert into customer (orders,identifier) values (?,?)
2023-12-07T16:30:16.352Z DEBUG 15270 --- [    Test worker] org.hibernate.SQL                        : select s1_0.location,r1_0.identifier,r1_0.orders,c1_0.customers_location,c1_0.identifier,c1_0.orders from seating s1_0 left join customer r1_0 on r1_0.identifier=s1_0.reviewer_identifier left join customer c1_0 on s1_0.location=c1_0.customers_location where s1_0.location=?
Hibernate: select s1_0.location,r1_0.identifier,r1_0.orders,c1_0.customers_location,c1_0.identifier,c1_0.orders from seating s1_0 left join customer r1_0 on r1_0.identifier=s1_0.reviewer_identifier left join customer c1_0 on s1_0.location=c1_0.customers_location where s1_0.location=?
2023-12-07T16:30:16.359Z DEBUG 15270 --- [    Test worker] org.hibernate.SQL                        : insert into seating (reviewer_identifier,location) values (?,?)
Hibernate: insert into seating (reviewer_identifier,location) values (?,?)
2023-12-07T16:30:16.367Z DEBUG 15270 --- [    Test worker] org.hibernate.SQL                        : select c1_0.id,c1_0.address,b1_0.location,r1_0.identifier,r1_0.orders,c2_0.customers_location,c2_0.identifier,c2_0.orders from cafe c1_0 left join seating b1_0 on b1_0.location=c1_0.best_location left join customer r1_0 on r1_0.identifier=b1_0.reviewer_identifier left join customer c2_0 on b1_0.location=c2_0.customers_location where c1_0.id=?
Hibernate: select c1_0.id,c1_0.address,b1_0.location,r1_0.identifier,r1_0.orders,c2_0.customers_location,c2_0.identifier,c2_0.orders from cafe c1_0 left join seating b1_0 on b1_0.location=c1_0.best_location left join customer r1_0 on r1_0.identifier=b1_0.reviewer_identifier left join customer c2_0 on b1_0.location=c2_0.customers_location where c1_0.id=?
2023-12-07T16:30:16.389Z DEBUG 15270 --- [    Test worker] org.hibernate.SQL                        : select s1_0.cafes_id,s1_1.location,r1_0.identifier,r1_0.orders from cafe_seatings s1_0 join seating s1_1 on s1_1.location=s1_0.seatings_location left join customer r1_0 on r1_0.identifier=s1_1.reviewer_identifier where s1_0.cafes_id=?
Hibernate: select s1_0.cafes_id,s1_1.location,r1_0.identifier,r1_0.orders from cafe_seatings s1_0 join seating s1_1 on s1_1.location=s1_0.seatings_location left join customer r1_0 on r1_0.identifier=s1_1.reviewer_identifier where s1_0.cafes_id=?
2023-12-07T16:30:16.395Z DEBUG 15270 --- [    Test worker] org.hibernate.SQL                        : select s1_0.location,r1_0.identifier,r1_0.orders,c1_0.customers_location,c1_0.identifier,c1_0.orders from seating s1_0 left join customer r1_0 on r1_0.identifier=s1_0.reviewer_identifier left join customer c1_0 on s1_0.location=c1_0.customers_location where s1_0.location=?
Hibernate: select s1_0.location,r1_0.identifier,r1_0.orders,c1_0.customers_location,c1_0.identifier,c1_0.orders from seating s1_0 left join customer r1_0 on r1_0.identifier=s1_0.reviewer_identifier left join customer c1_0 on s1_0.location=c1_0.customers_location where s1_0.location=?
2023-12-07T16:30:16.415Z DEBUG 15270 --- [    Test worker] org.hibernate.SQL                        : update cafe set address=?,best_location=? where id=?
Hibernate: update cafe set address=?,best_location=? where id=?
2023-12-07T16:30:16.423Z DEBUG 15270 --- [    Test worker] org.hibernate.SQL                        : insert into cafe_seatings (cafes_id,seatings_location) values (?,?)
Hibernate: insert into cafe_seatings (cafes_id,seatings_location) values (?,?)
2023-12-07T16:30:16.434Z DEBUG 15270 --- [    Test worker] org.hibernate.SQL                        : select s1_0.location,r1_0.identifier,r1_0.orders,c1_0.customers_location,c1_0.identifier,c1_0.orders from seating s1_0 left join customer r1_0 on r1_0.identifier=s1_0.reviewer_identifier left join customer c1_0 on s1_0.location=c1_0.customers_location where s1_0.location=?
Hibernate: select s1_0.location,r1_0.identifier,r1_0.orders,c1_0.customers_location,c1_0.identifier,c1_0.orders from seating s1_0 left join customer r1_0 on r1_0.identifier=s1_0.reviewer_identifier left join customer c1_0 on s1_0.location=c1_0.customers_location where s1_0.location=?
2023-12-07T16:30:16.439Z DEBUG 15270 --- [    Test worker] org.hibernate.SQL                        : select c1_0.id,c1_0.address,b1_0.location,r1_0.identifier,r1_0.orders,c2_0.customers_location,c2_0.identifier,c2_0.orders from cafe c1_0 left join seating b1_0 on b1_0.location=c1_0.best_location left join customer r1_0 on r1_0.identifier=b1_0.reviewer_identifier left join customer c2_0 on b1_0.location=c2_0.customers_location where c1_0.id=?
Hibernate: select c1_0.id,c1_0.address,b1_0.location,r1_0.identifier,r1_0.orders,c2_0.customers_location,c2_0.identifier,c2_0.orders from cafe c1_0 left join seating b1_0 on b1_0.location=c1_0.best_location left join customer r1_0 on r1_0.identifier=b1_0.reviewer_identifier left join customer c2_0 on b1_0.location=c2_0.customers_location where c1_0.id=?
2023-12-07T16:30:16.446Z DEBUG 15270 --- [    Test worker] org.hibernate.SQL                        : select s1_0.cafes_id,s1_1.location,r1_0.identifier,r1_0.orders from cafe_seatings s1_0 join seating s1_1 on s1_1.location=s1_0.seatings_location left join customer r1_0 on r1_0.identifier=s1_1.reviewer_identifier where s1_0.cafes_id=?
Hibernate: select s1_0.cafes_id,s1_1.location,r1_0.identifier,r1_0.orders from cafe_seatings s1_0 join seating s1_1 on s1_1.location=s1_0.seatings_location left join customer r1_0 on r1_0.identifier=s1_1.reviewer_identifier where s1_0.cafes_id=?
2023-12-07T16:30:16.453Z DEBUG 15270 --- [    Test worker] org.hibernate.SQL                        : select c1_0.identifier,c1_0.orders from customer c1_0 where c1_0.identifier=?
Hibernate: select c1_0.identifier,c1_0.orders from customer c1_0 where c1_0.identifier=?
2023-12-07T16:30:16.459Z DEBUG 15270 --- [    Test worker] org.hibernate.SQL                        : update seating set reviewer_identifier=? where location=?
Hibernate: update seating set reviewer_identifier=? where location=?
2023-12-07T16:30:16.468Z DEBUG 15270 --- [    Test worker] org.hibernate.SQL                        : update customer set customers_location=? where identifier=?
Hibernate: update customer set customers_location=? where identifier=?
2023-12-07T16:30:17.953Z DEBUG 15270 --- [    Test worker] org.hibernate.SQL                        : select c1_0.id,c1_0.address,c1_0.best_location from cafe c1_0
Hibernate: select c1_0.id,c1_0.address,c1_0.best_location from cafe c1_0
2023-12-07T16:30:17.960Z DEBUG 15270 --- [    Test worker] org.hibernate.SQL                        : select s1_0.location,r1_0.identifier,r1_0.orders,c1_0.customers_location,c1_0.identifier,c1_0.orders from seating s1_0 left join customer r1_0 on r1_0.identifier=s1_0.reviewer_identifier left join customer c1_0 on s1_0.location=c1_0.customers_location where s1_0.location=?
Hibernate: select s1_0.location,r1_0.identifier,r1_0.orders,c1_0.customers_location,c1_0.identifier,c1_0.orders from seating s1_0 left join customer r1_0 on r1_0.identifier=s1_0.reviewer_identifier left join customer c1_0 on s1_0.location=c1_0.customers_location where s1_0.location=?
2023-12-07T16:30:17.965Z DEBUG 15270 --- [    Test worker] org.hibernate.SQL                        : select s1_0.cafes_id,s1_1.location,r1_0.identifier,r1_0.orders from cafe_seatings s1_0 join seating s1_1 on s1_1.location=s1_0.seatings_location left join customer r1_0 on r1_0.identifier=s1_1.reviewer_identifier where s1_0.cafes_id=?
Hibernate: select s1_0.cafes_id,s1_1.location,r1_0.identifier,r1_0.orders from cafe_seatings s1_0 join seating s1_1 on s1_1.location=s1_0.seatings_location left join customer r1_0 on r1_0.identifier=s1_1.reviewer_identifier where s1_0.cafes_id=?
]]></system-out>
  <system-err><![CDATA[]]></system-err>
</testsuite>
